14:24:22.540 [INFO ] utils.Log ***********Start Scenario**************
14:24:44.920 [INFO ] utils.Log Start testcase: loginSuccessful
14:24:44.921 [INFO ] utils.Log Login with username: nng729 and password: Lta@#3499
14:24:50.978 [INFO ] utils.Log loginSuccessful passed.
14:24:51.249 [INFO ] utils.Log Capture image in ExportData\images\loginSuccessful_21082022142451.png
14:25:07.012 [INFO ] utils.Log Start testcase: loginWithIncorrectUsernameAndPassword
14:25:07.015 [INFO ] utils.Log Start testcase: loginWithEmptyPassword
14:25:07.017 [INFO ] utils.Log Start testcase: loginWithEmptyUsername
14:25:07.017 [INFO ] utils.Log Start testcase: loginWithEmptyUsernameAndPassword
14:25:23.650 [INFO ] utils.Log Start testcase: filterByPrice
14:25:23.650 [INFO ] shop.ShopTest ***Filter by Price Test***
14:25:30.996 [INFO ] utils.Log filterByPrice passed.
14:25:31.143 [INFO ] utils.Log Capture image in ExportData\images\filterByPrice_21082022142531.png
14:25:41.281 [INFO ] utils.Log Start testcase: sortByHighToLow
14:27:23.464 [INFO ] utils.Log ***********Start Scenario**************
14:27:43.177 [INFO ] utils.Log Start testcase: loginSuccessful
14:27:43.178 [INFO ] utils.Log Login with username: nng729 and password: Lta@#3499
14:27:45.789 [INFO ] utils.Log Testcase 'loginSuccessful' passed.
14:27:46.048 [INFO ] utils.Log Capture image in ExportData\images\loginSuccessful_21082022142746.png
14:28:02.047 [INFO ] utils.Log Start testcase: loginWithIncorrectUsernameAndPassword
14:28:02.047 [INFO ] utils.Log Login with username: nng729123 and password: 1234
14:28:04.927 [INFO ] utils.Log Testcase 'loginWithIncorrectUsernameAndPassword' passed.
14:28:05.079 [INFO ] utils.Log Capture image in ExportData\images\loginWithIncorrectUsernameAndPassword_21082022142805.png
14:28:22.495 [INFO ] utils.Log Start testcase: loginWithEmptyPassword
14:28:22.499 [INFO ] utils.Log Start testcase: loginWithEmptyUsername
14:28:22.502 [INFO ] utils.Log Start testcase: loginWithEmptyUsernameAndPassword
14:28:35.215 [INFO ] utils.Log Start testcase: filterByPrice
14:28:35.217 [INFO ] shop.ShopTest ***Filter by Price Test***
14:28:50.119 [INFO ] utils.Log Testcase 'filterByPrice' passed.
14:28:50.422 [INFO ] utils.Log Capture image in ExportData\images\filterByPrice_21082022142850.png
14:28:59.727 [INFO ] utils.Log Start testcase: sortByHighToLow
14:29:05.177 [INFO ] utils.Log Testcase 'sortByHighToLow' passed.
14:29:05.427 [INFO ] utils.Log Capture image in ExportData\images\sortByHighToLow_21082022142905.png
14:29:15.167 [INFO ] utils.Log Start testcase: sortByLowToHigh
14:29:21.434 [INFO ] utils.Log Testcase 'sortByLowToHigh' passed.
14:29:21.723 [INFO ] utils.Log Capture image in ExportData\images\sortByLowToHigh_21082022142921.png
14:29:38.176 [INFO ] utils.Log Start testcase: testProductCategories
14:29:42.991 [INFO ] utils.Log Testcase 'testProductCategories' passed.
14:29:43.543 [INFO ] utils.Log Capture image in ExportData\images\testProductCategories_21082022142943.png
14:29:44.279 [INFO ] utils.Log *************Finish Scenario************
14:37:41.947 [INFO ] utils.Log ***********Start Scenario**************
14:38:05.676 [INFO ] utils.Log Start testcase: loginSuccessful
14:38:05.676 [INFO ] utils.Log Login with username: 'nng729' and password: 'Lta@#3499'
14:38:09.034 [INFO ] utils.Log Testcase 'loginSuccessful' passed.
14:38:09.306 [INFO ] utils.Log Capture image in 'ExportData\images\loginSuccessful_21082022143809.png'
14:38:42.895 [INFO ] utils.Log Start testcase: loginWithIncorrectUsernameAndPassword
14:38:42.895 [INFO ] utils.Log Login with username: 'nng729123' and password: '1234'
14:38:48.039 [INFO ] utils.Log Testcase 'loginWithIncorrectUsernameAndPassword' passed.
14:38:48.416 [INFO ] utils.Log Capture image in 'ExportData\images\loginWithIncorrectUsernameAndPassword_21082022143848.png'
14:39:03.768 [INFO ] utils.Log Start testcase: loginWithEmptyPassword
14:39:03.768 [INFO ] utils.Log Login with username: 'nng729' and password: ''
14:39:06.427 [INFO ] utils.Log Testcase 'loginWithEmptyPassword' passed.
14:39:06.637 [INFO ] utils.Log Capture image in 'ExportData\images\loginWithEmptyPassword_21082022143906.png'
14:39:22.535 [INFO ] utils.Log Start testcase: loginWithEmptyUsername
14:39:22.536 [INFO ] utils.Log Login with username: '' and password: 'Lta@#3499'
14:39:24.828 [INFO ] utils.Log Testcase 'loginWithEmptyUsername' passed.
14:39:25.356 [INFO ] utils.Log Capture image in 'ExportData\images\loginWithEmptyUsername_21082022143925.png'
14:39:42.945 [INFO ] utils.Log Start testcase: loginWithEmptyUsernameAndPassword
14:39:42.945 [INFO ] utils.Log Login with username: '' and password: ''
14:39:45.202 [INFO ] utils.Log Testcase 'loginWithEmptyUsernameAndPassword' passed.
14:39:45.346 [INFO ] utils.Log Capture image in 'ExportData\images\loginWithEmptyUsernameAndPassword_21082022143945.png'
14:39:55.567 [INFO ] utils.Log Start testcase: filterByPrice
14:39:55.569 [INFO ] shop.ShopTest ***Filter by Price Test***
14:40:00.909 [INFO ] utils.Log Testcase 'filterByPrice' passed.
14:40:01.021 [INFO ] utils.Log Capture image in 'ExportData\images\filterByPrice_21082022144001.png'
14:40:10.670 [INFO ] utils.Log Start testcase: sortByHighToLow
14:40:16.034 [INFO ] utils.Log Testcase 'sortByHighToLow' passed.
14:40:16.203 [INFO ] utils.Log Capture image in 'ExportData\images\sortByHighToLow_21082022144016.png'
14:40:26.902 [INFO ] utils.Log Start testcase: sortByLowToHigh
14:40:33.584 [INFO ] utils.Log Testcase 'sortByLowToHigh' passed.
14:40:33.788 [INFO ] utils.Log Capture image in 'ExportData\images\sortByLowToHigh_21082022144033.png'
14:40:46.702 [INFO ] utils.Log Start testcase: testProductCategories
14:40:50.746 [INFO ] utils.Log Testcase 'testProductCategories' passed.
14:40:50.936 [INFO ] utils.Log Capture image in 'ExportData\images\testProductCategories_21082022144050.png'
14:40:51.684 [INFO ] utils.Log *************Finish Scenario************
15:33:04.087 [INFO ] utils.Log Start testcase: loginSuccessful
15:33:04.093 [INFO ] utils.Log Login with username: 'nng729' and password: 'Lta@#3499'
15:33:07.682 [INFO ] utils.Log Testcase 'loginSuccessful' passed.
15:33:08.355 [INFO ] utils.Log Capture image in 'ExportData\images\loginSuccessful_21082022153308.png'
15:33:25.195 [INFO ] utils.Log Start testcase: loginWithIncorrectUsernameAndPassword
15:33:25.195 [INFO ] utils.Log Login with username: 'nng729123' and password: '1234'
15:33:27.551 [INFO ] utils.Log Testcase 'loginWithIncorrectUsernameAndPassword' passed.
15:33:27.716 [INFO ] utils.Log Capture image in 'ExportData\images\loginWithIncorrectUsernameAndPassword_21082022153327.png'
15:33:44.811 [INFO ] utils.Log Start testcase: loginWithEmptyPassword
15:33:44.811 [INFO ] utils.Log Login with username: 'nng729' and password: ''
15:33:47.399 [INFO ] utils.Log Testcase 'loginWithEmptyPassword' passed.
15:33:47.530 [INFO ] utils.Log Capture image in 'ExportData\images\loginWithEmptyPassword_21082022153347.png'
15:34:03.068 [INFO ] utils.Log Start testcase: loginWithEmptyUsername
15:34:03.068 [INFO ] utils.Log Login with username: '' and password: 'Lta@#3499'
15:34:06.175 [INFO ] utils.Log Testcase 'loginWithEmptyUsername' passed.
15:34:06.433 [INFO ] utils.Log Capture image in 'ExportData\images\loginWithEmptyUsername_21082022153406.png'
15:34:54.258 [INFO ] utils.Log Start testcase: loginSuccessful
15:34:54.268 [INFO ] utils.Log Login with username: 'nng729' and password: 'Lta@#3499'
15:34:57.872 [INFO ] utils.Log Testcase 'loginSuccessful' passed.
15:34:58.165 [INFO ] utils.Log Capture image in 'ExportData\images\loginSuccessful_21082022153458.png'
15:35:12.491 [INFO ] utils.Log Start testcase: loginWithIncorrectUsernameAndPassword
15:35:12.491 [INFO ] utils.Log Login with username: 'nng729123' and password: '1234'
15:35:14.955 [INFO ] utils.Log Testcase 'loginWithIncorrectUsernameAndPassword' passed.
15:35:15.238 [INFO ] utils.Log Capture image in 'ExportData\images\loginWithIncorrectUsernameAndPassword_21082022153515.png'
15:35:29.159 [INFO ] utils.Log Start testcase: loginWithEmptyPassword
15:35:29.160 [INFO ] utils.Log Login with username: 'nng729' and password: ''
15:35:32.205 [INFO ] utils.Log Testcase 'loginWithEmptyPassword' passed.
15:35:32.352 [INFO ] utils.Log Capture image in 'ExportData\images\loginWithEmptyPassword_21082022153532.png'
15:35:49.033 [INFO ] utils.Log Start testcase: loginWithEmptyUsername
15:35:49.033 [INFO ] utils.Log Login with username: '' and password: 'Lta@#3499'
15:35:52.047 [INFO ] utils.Log Testcase 'loginWithEmptyUsername' passed.
15:35:52.182 [INFO ] utils.Log Capture image in 'ExportData\images\loginWithEmptyUsername_21082022153552.png'
16:26:42.206 [INFO ] utils.Log Start testcase: loginSuccessful
16:26:42.215 [INFO ] utils.Log Login with username: 'nng729' and password: 'Lta@#3499'
16:26:45.859 [INFO ] utils.Log Testcase 'loginSuccessful' passed.
16:27:01.431 [INFO ] utils.Log Start testcase: loginWithIncorrectUsernameAndPassword
16:27:01.431 [INFO ] utils.Log Login with username: 'nng729123' and password: '1234'
16:27:04.038 [INFO ] utils.Log Testcase 'loginWithIncorrectUsernameAndPassword' passed.
16:27:18.703 [INFO ] utils.Log Start testcase: loginWithEmptyPassword
16:27:18.704 [INFO ] utils.Log Login with username: 'nng729' and password: ''
16:27:21.882 [INFO ] utils.Log Testcase 'loginWithEmptyPassword' passed.
16:27:37.119 [INFO ] utils.Log Start testcase: loginWithEmptyUsername
16:27:37.119 [INFO ] utils.Log Login with username: '' and password: 'Lta@#3499'
16:27:39.130 [INFO ] utils.Log Testcase 'loginWithEmptyUsername' passed.
16:27:54.592 [INFO ] utils.Log Start testcase: loginWithEmptyUsernameAndPassword
16:27:54.593 [INFO ] utils.Log Login with username: '' and password: ''
16:27:56.735 [INFO ] utils.Log Testcase 'loginWithEmptyUsernameAndPassword' passed.
16:28:05.748 [INFO ] utils.Log Start testcase: filterByPrice
16:28:05.749 [INFO ] shop.ShopTest ***Filter by Price Test***
16:28:11.636 [INFO ] utils.Log Testcase 'filterByPrice' passed.
16:28:20.189 [INFO ] utils.Log Start testcase: sortByHighToLow
16:28:25.012 [INFO ] utils.Log Testcase 'sortByHighToLow' passed.
16:28:33.919 [INFO ] utils.Log Start testcase: sortByLowToHigh
16:28:38.558 [INFO ] utils.Log Testcase 'sortByLowToHigh' passed.
16:28:46.997 [INFO ] utils.Log Start testcase: testProductCategories
16:28:51.490 [INFO ] utils.Log Testcase 'testProductCategories' passed.
16:28:52.228 [INFO ] utils.Log *************Finish Scenario************
16:30:58.267 [INFO ] utils.Log Start testcase: loginSuccessful
16:30:58.275 [INFO ] utils.Log Login with username: 'nng729' and password: 'Lta@#3499'
16:31:01.399 [INFO ] utils.Log Testcase 'loginSuccessful' passed.
16:31:16.406 [INFO ] utils.Log Start testcase: loginWithPasswordChangeCase
16:31:16.406 [INFO ] utils.Log Login with username: 'nng729' and password: 'lTA@#3499'
16:31:29.045 [INFO ] utils.Log loginWithPasswordChangeCase failed.
16:31:29.170 [INFO ] utils.Log Capture image in 'ExportData\images\loginWithPasswordChangeCase_21082022163129.png'
16:31:42.195 [INFO ] utils.Log Start testcase: loginWithPasswordMasked
16:31:42.196 [INFO ] utils.Log Login with username: '' and password: '12345'
16:31:44.572 [INFO ] utils.Log Testcase 'loginWithPasswordMasked' passed.
16:31:58.949 [INFO ] utils.Log Start testcase: loginWithUsernameChangeCase
16:31:58.949 [INFO ] utils.Log Login with username: 'NNG729' and password: 'Lta@#3499'
16:32:02.060 [INFO ] utils.Log Testcase 'loginWithUsernameChangeCase' passed.
16:32:16.448 [INFO ] utils.Log Start testcase: loginWithIncorrectUsernameAndPassword
16:32:16.448 [INFO ] utils.Log Login with username: 'nng729123' and password: '1234'
16:32:18.306 [INFO ] utils.Log Testcase 'loginWithIncorrectUsernameAndPassword' passed.
16:32:34.194 [INFO ] utils.Log Start testcase: loginWithEmptyPassword
16:32:34.194 [INFO ] utils.Log Login with username: 'nng729' and password: ''
16:32:36.515 [INFO ] utils.Log Testcase 'loginWithEmptyPassword' passed.
16:32:51.385 [INFO ] utils.Log Start testcase: loginWithEmptyUsername
16:32:51.385 [INFO ] utils.Log Login with username: '' and password: 'Lta@#3499'
16:32:54.259 [INFO ] utils.Log Testcase 'loginWithEmptyUsername' passed.
16:33:09.869 [INFO ] utils.Log Start testcase: loginWithEmptyUsernameAndPassword
16:33:09.869 [INFO ] utils.Log Login with username: '' and password: ''
16:33:12.143 [INFO ] utils.Log Testcase 'loginWithEmptyUsernameAndPassword' passed.
16:33:20.760 [INFO ] utils.Log Start testcase: filterByPrice
16:33:20.760 [INFO ] shop.ShopTest ***Filter by Price Test***
16:33:26.680 [INFO ] utils.Log Testcase 'filterByPrice' passed.
16:33:35.292 [INFO ] utils.Log Start testcase: sortByHighToLow
16:33:40.606 [INFO ] utils.Log Testcase 'sortByHighToLow' passed.
16:33:49.078 [INFO ] utils.Log Start testcase: sortByLowToHigh
16:33:54.015 [INFO ] utils.Log Testcase 'sortByLowToHigh' passed.
16:34:02.368 [INFO ] utils.Log Start testcase: testProductCategories
16:34:06.415 [INFO ] utils.Log Testcase 'testProductCategories' passed.
16:34:07.230 [INFO ] utils.Log *************Finish Scenario************
16:54:19.863 [INFO ] utils.Log Login with username: 'nng729' and password: 'lTA@#3499'
17:20:49.610 [INFO ] utils.Log Login with username: 'NNG729' and password: 'Lta@#3499'
17:22:07.634 [INFO ] utils.Log Login with username: 'nng729' and password: 'LTA@#3499'
