08:15:15.725 INFO  shop.ShopTest ***Filter by Price Test***
08:21:21.601 INFO  myaccount.LoginTest ***Test login successful***
08:21:21.606 INFO  myaccount.LoginPage Login with username: nng729 and password: Lta@#3499
08:21:24.637 INFO  myaccount.LoginTest test pass
08:44:21.743 INFO  myaccount.LoginTest ***Test login successful***
08:44:21.745 INFO  myaccount.LoginPage Login with username: nng729 and password: Lta@#3499
08:44:23.579 INFO  myaccount.LoginTest test pass
08:53:35.654 INFO  myaccount.LoginTest ***Test login successful***
08:53:35.656 INFO  myaccount.LoginPage Login with username: nng729 and password: Lta@#3499
08:53:38.112 INFO  myaccount.LoginTest test pass
09:13:50.902 INFO  myaccount.LoginTest ***Test login successful***
09:13:50.904 INFO  myaccount.LoginPage Login with username: nng729 and password: Lta@#3499
09:13:52.654 INFO  myaccount.LoginTest test pass
14:32:06.003 INFO  shop.ShopTest ***Filter by Price Test***
14:33:19.750 INFO  shop.ShopTest ***Filter by Price Test***
14:42:19.100 INFO  shop.ShopTest ***Filter by Price Test***
14:44:16.793 INFO  shop.ShopTest ***Filter by Price Test***
14:51:31.640 INFO  shop.ShopTest ***Filter by Price Test***
14:52:46.382 INFO  shop.ShopTest ***Filter by Price Test***
14:53:27.776 INFO  shop.ShopTest ***Filter by Price Test***
14:59:07.801 INFO  myaccount.LoginTest ***Test login successful***
14:59:07.805 INFO  myaccount.LoginPage Login with username: nng729 and password: Lta@#3499
14:59:09.780 INFO  myaccount.LoginTest test pass
14:59:21.140 INFO  myaccount.LoginPage Login with username: nng729123 and password: 1234
14:59:34.967 INFO  myaccount.LoginPage Login with username: nng729 and password: 
14:59:52.154 INFO  myaccount.LoginPage Login with username:  and password: Lta@#3499
15:00:05.716 INFO  myaccount.LoginPage Login with username:  and password: 
15:27:56.910 INFO  myaccount.LoginTest ***Test login successful***
15:27:56.913 INFO  myaccount.LoginPage Login with username: nng729 and password: Lta@#3499
15:27:59.506 INFO  myaccount.LoginTest test pass
15:28:08.036 INFO  myaccount.LoginPage Login with username: nng729123 and password: 1234
16:37:13.561 INFO  myaccount.LoginTest ***Test login successful***
16:37:13.564 INFO  myaccount.LoginPage Login with username: nng729 and password: Lta@#3499
16:37:16.964 INFO  myaccount.LoginTest test pass
16:38:13.714 INFO  myaccount.LoginTest ***Test login successful***
16:38:13.716 INFO  myaccount.LoginPage Login with username: nng729 and password: Lta@#3499
16:38:16.699 INFO  myaccount.LoginTest test pass
17:34:25.675 INFO  myaccount.LoginTest ***Test login successful***
17:34:25.689 INFO  myaccount.LoginPage Login with username: nng729 and password: Lta@#3499
17:34:28.801 INFO  myaccount.LoginTest test pass
17:44:10.499 INFO  myaccount.LoginTest ***Test login successful***
17:44:10.501 INFO  myaccount.LoginPage Login with username: nng729 and password: Lta@#3499
17:44:13.391 INFO  myaccount.LoginTest test pass
17:45:59.509 INFO  myaccount.LoginTest ***Test login successful***
17:45:59.511 INFO  myaccount.LoginPage Login with username: nng729 and password: Lta@#3499
17:46:01.096 INFO  myaccount.LoginTest test pass
17:46:27.399 INFO  myaccount.LoginTest ***Test login successful***
17:46:27.401 INFO  myaccount.LoginPage Login with username: nng729 and password: Lta@#3499
17:46:30.145 INFO  myaccount.LoginTest test pass
19:49:51.742 INFO  myaccount.LoginTest ***Test login successful***
19:49:51.747 INFO  myaccount.LoginPage Login with username: nng729 and password: Lta@#3499
19:49:54.964 INFO  myaccount.LoginTest test pass
19:50:33.138 INFO  myaccount.LoginTest ***Test login successful***
19:50:33.144 INFO  myaccount.LoginPage Login with username: nng729 and password: Lta@#3499
19:50:35.683 INFO  myaccount.LoginTest test pass
19:53:13.304 INFO  myaccount.LoginTest ***Test login successful***
19:53:13.312 INFO  myaccount.LoginPage Login with username: nng729 and password: Lta@#3499
19:53:15.440 INFO  myaccount.LoginTest test pass
19:53:28.259 INFO  myaccount.LoginPage Login with username: nng729123 and password: 1234
19:53:42.291 INFO  myaccount.LoginPage Login with username: nng729 and password: 
19:53:55.287 INFO  myaccount.LoginPage Login with username:  and password: Lta@#3499
19:54:09.400 INFO  myaccount.LoginPage Login with username:  and password: 
20:07:00.633 INFO  myaccount.LoginTest ***Test login successful***
20:07:00.638 INFO  myaccount.LoginPage Login with username: nng729 and password: Lta@#3499
20:07:04.053 INFO  myaccount.LoginTest test pass
20:07:16.198 INFO  myaccount.LoginPage Login with username: nng729123 and password: 1234
20:07:29.826 INFO  myaccount.LoginPage Login with username: nng729 and password: 
20:07:42.971 INFO  myaccount.LoginPage Login with username:  and password: Lta@#3499
20:07:54.991 INFO  myaccount.LoginPage Login with username:  and password: 
20:09:07.109 INFO  myaccount.LoginTest ***Test login successful***
20:09:07.119 INFO  myaccount.LoginPage Login with username: nng729 and password: Lta@#3499
20:09:10.353 INFO  myaccount.LoginTest test pass
20:09:21.735 INFO  myaccount.LoginPage Login with username: nng729123 and password: 1234
20:09:35.686 INFO  myaccount.LoginPage Login with username: nng729 and password: 
20:09:50.615 INFO  myaccount.LoginPage Login with username:  and password: Lta@#3499
20:10:02.518 INFO  myaccount.LoginPage Login with username:  and password: 
20:34:35.700 INFO  myaccount.LoginTest ***Test login successful***
20:34:35.707 INFO  myaccount.LoginPage Login with username: nng729 and password: Lta@#3499
20:34:37.784 INFO  myaccount.LoginTest test pass
20:34:49.020 INFO  myaccount.LoginPage Login with username: nng729123 and password: 1234
20:35:03.929 INFO  myaccount.LoginPage Login with username: nng729 and password: 
20:35:18.522 INFO  myaccount.LoginPage Login with username:  and password: Lta@#3499
20:36:23.830 INFO  myaccount.LoginPage Login with username:  and password: 
22:09:26.701 INFO  shop.ShopTest ***Filter by Price Test***
