15:12:11.017 [INFO ] utils.Log Start testcase: loginSuccessful
15:12:11.021 [INFO ] utils.Log Login with username: 'nng729' and password: 'Lta@#3499'
15:12:22.813 [INFO ] utils.Log Testcase 'loginSuccessful' passed.
15:13:10.254 [INFO ] utils.Log Start testcase: loginWithPasswordChangeCase
15:13:10.255 [INFO ] utils.Log Login with username: 'nng729' and password: 'LTA@#3499'
15:13:21.594 [INFO ] utils.Log Testcase 'loginWithPasswordChangeCase' passed.
15:13:34.141 [INFO ] utils.Log Start testcase: loginWithPasswordMasked
15:13:34.141 [INFO ] utils.Log Login with username: '' and password: '12345'
15:13:35.282 [INFO ] utils.Log Testcase 'loginWithPasswordMasked' passed.
15:14:23.570 [INFO ] utils.Log Start testcase: loginWithUsernameChangeCase
15:14:23.570 [INFO ] utils.Log Login with username: 'NNG729' and password: 'Lta@#3499'
15:14:57.413 [INFO ] utils.Log Testcase 'loginWithUsernameChangeCase' passed.
15:15:09.770 [INFO ] utils.Log Start testcase: loginWithIncorrectUsernameAndPassword
15:15:09.770 [INFO ] utils.Log Login with username: 'nng729123' and password: '1234'
15:15:11.099 [INFO ] utils.Log Testcase 'loginWithIncorrectUsernameAndPassword' passed.
15:15:58.467 [INFO ] utils.Log Start testcase: loginWithEmptyPassword
15:15:58.467 [INFO ] utils.Log Login with username: 'nng729' and password: ''
15:16:22.562 [INFO ] utils.Log Testcase 'loginWithEmptyPassword' passed.
15:16:47.789 [INFO ] utils.Log Start testcase: loginWithEmptyUsername
15:16:47.789 [INFO ] utils.Log Login with username: '' and password: 'Lta@#3499'
15:16:55.509 [INFO ] utils.Log Testcase 'loginWithEmptyUsername' passed.
15:17:15.443 [INFO ] utils.Log Start testcase: loginWithEmptyUsernameAndPassword
15:17:15.443 [INFO ] utils.Log Login with username: '' and password: ''
15:17:39.093 [INFO ] utils.Log Testcase 'loginWithEmptyUsernameAndPassword' passed.
15:17:40.018 [INFO ] utils.Log *************Finish Scenario************
15:17:50.105 [INFO ] utils.Log Start testcase: filterByPrice
15:18:05.139 [INFO ] utils.Log Testcase 'filterByPrice' passed.
15:18:16.325 [INFO ] utils.Log Start testcase: sortByHighToLow
15:18:22.324 [INFO ] utils.Log Testcase 'sortByHighToLow' passed.
15:18:33.270 [INFO ] utils.Log Start testcase: sortByLowToHigh
15:18:38.148 [INFO ] utils.Log Testcase 'sortByLowToHigh' passed.
15:18:49.397 [INFO ] utils.Log Start testcase: testProductCategories
15:19:01.529 [INFO ] utils.Log Testcase 'testProductCategories' passed.
15:19:02.559 [INFO ] utils.Log *************Finish Scenario************
17:29:19.428 [INFO ] utils.Log Start testcase: loginWithEmptyUsername
17:29:19.431 [INFO ] utils.Log Login with username: '' and password: 'Lta@#3499'
17:29:22.141 [INFO ] utils.Log Testcase 'loginWithEmptyUsername' passed.
17:29:23.183 [INFO ] utils.Log *************Finish Scenario************
17:30:05.077 [INFO ] utils.Log Start testcase: loginWithEmptyUsername
17:30:05.081 [INFO ] utils.Log Login with username: '' and password: 'Lta@#3499'
17:30:07.538 [INFO ] utils.Log Testcase 'loginWithEmptyUsername' passed.
17:30:08.531 [INFO ] utils.Log *************Finish Scenario************
17:31:05.776 [INFO ] utils.Log Start testcase: loginWithEmptyUsernameAndPassword
17:31:05.779 [INFO ] utils.Log Login with username: '' and password: ''
17:31:06.978 [INFO ] utils.Log Testcase 'loginWithEmptyUsernameAndPassword' passed.
17:31:07.971 [INFO ] utils.Log *************Finish Scenario************
17:31:48.255 [INFO ] utils.Log Start testcase: loginWithEmptyUsernameAndPassword
17:31:48.258 [INFO ] utils.Log Login with username: '' and password: ''
17:31:50.081 [INFO ] utils.Log Testcase 'loginWithEmptyUsernameAndPassword' passed.
17:31:51.095 [INFO ] utils.Log *************Finish Scenario************
17:33:14.526 [INFO ] utils.Log Start testcase: loginWithEmptyUsernameAndPassword
17:33:14.529 [INFO ] utils.Log Login with username: '' and password: ''
17:33:16.224 [ERROR] utils.Log loginWithEmptyUsernameAndPassword failed.
17:33:16.400 [INFO ] utils.Log Capture image in 'ExportData\images\loginWithEmptyUsernameAndPassword_26082022173316.png'
17:33:17.546 [INFO ] utils.Log *************Finish Scenario************
