14:23:34.851 [INFO ] utils.Log Start testcase: loginSuccessful
14:23:34.856 [INFO ] utils.Log Login with username: 'nng729' and password: 'Lta@#3499'
14:23:37.684 [INFO ] utils.Log Testcase 'loginSuccessful' passed.
14:23:57.295 [INFO ] utils.Log Start testcase: loginWithPasswordChangeCase
14:23:57.295 [INFO ] utils.Log Login with username: 'nng729' and password: 'LTA@#3499'
14:24:00.857 [INFO ] utils.Log Testcase 'loginWithPasswordChangeCase' passed.
14:24:14.690 [INFO ] utils.Log Start testcase: loginWithPasswordMasked
14:24:14.690 [INFO ] utils.Log loginWithPasswordMasked skipped.
14:24:15.119 [INFO ] utils.Log Capture image in 'ExportData\images\loginWithPasswordMasked_25082022142415.png'
14:24:15.120 [INFO ] utils.Log Start testcase: loginWithUsernameChangeCase
14:24:15.120 [INFO ] utils.Log loginWithUsernameChangeCase skipped.
14:24:15.363 [INFO ] utils.Log Capture image in 'ExportData\images\loginWithUsernameChangeCase_25082022142415.png'
14:24:15.364 [INFO ] utils.Log Start testcase: loginWithIncorrectUsernameAndPassword
14:24:15.364 [INFO ] utils.Log loginWithIncorrectUsernameAndPassword skipped.
14:24:15.616 [INFO ] utils.Log Capture image in 'ExportData\images\loginWithIncorrectUsernameAndPassword_25082022142415.png'
14:24:15.618 [INFO ] utils.Log Start testcase: loginWithEmptyPassword
14:24:15.618 [INFO ] utils.Log loginWithEmptyPassword skipped.
14:24:15.908 [INFO ] utils.Log Capture image in 'ExportData\images\loginWithEmptyPassword_25082022142415.png'
14:24:15.909 [INFO ] utils.Log Start testcase: loginWithEmptyUsername
14:24:15.909 [INFO ] utils.Log loginWithEmptyUsername skipped.
14:24:16.197 [INFO ] utils.Log Capture image in 'ExportData\images\loginWithEmptyUsername_25082022142416.png'
14:24:16.198 [INFO ] utils.Log Start testcase: loginWithEmptyUsernameAndPassword
14:24:16.199 [INFO ] utils.Log loginWithEmptyUsernameAndPassword skipped.
14:24:16.468 [INFO ] utils.Log Capture image in 'ExportData\images\loginWithEmptyUsernameAndPassword_25082022142416.png'
14:24:24.939 [INFO ] utils.Log Start testcase: filterByPrice
14:24:25.688 [INFO ] utils.Log filterByPrice failed.
14:24:27.431 [INFO ] utils.Log Capture image in 'ExportData\images\filterByPrice_25082022142427.png'
14:24:48.575 [INFO ] utils.Log Start testcase: loginSuccessful
14:24:48.579 [INFO ] utils.Log Login with username: 'nng729' and password: 'Lta@#3499'
14:24:51.633 [INFO ] utils.Log Testcase 'loginSuccessful' passed.
14:25:05.905 [INFO ] utils.Log Start testcase: loginWithPasswordChangeCase
14:25:05.906 [INFO ] utils.Log Login with username: 'nng729' and password: 'LTA@#3499'
14:25:08.172 [INFO ] utils.Log Testcase 'loginWithPasswordChangeCase' passed.
14:25:21.612 [INFO ] utils.Log Start testcase: loginWithPasswordMasked
14:25:21.612 [INFO ] utils.Log Login with username: '' and password: '12345'
14:25:23.745 [INFO ] utils.Log Testcase 'loginWithPasswordMasked' passed.
14:25:37.888 [INFO ] utils.Log Start testcase: loginWithUsernameChangeCase
14:25:37.888 [INFO ] utils.Log Login with username: 'NNG729' and password: 'Lta@#3499'
14:25:40.463 [INFO ] utils.Log Testcase 'loginWithUsernameChangeCase' passed.
14:25:54.416 [INFO ] utils.Log Start testcase: loginWithIncorrectUsernameAndPassword
14:25:54.416 [INFO ] utils.Log Login with username: 'nng729123' and password: '1234'
14:25:56.573 [INFO ] utils.Log Testcase 'loginWithIncorrectUsernameAndPassword' passed.
14:26:10.883 [INFO ] utils.Log Start testcase: loginWithEmptyPassword
14:26:10.884 [INFO ] utils.Log Login with username: 'nng729' and password: ''
14:26:13.534 [INFO ] utils.Log Testcase 'loginWithEmptyPassword' passed.
14:26:27.817 [INFO ] utils.Log Start testcase: loginWithEmptyUsername
14:26:27.817 [INFO ] utils.Log Login with username: '' and password: 'Lta@#3499'
14:26:29.762 [INFO ] utils.Log Testcase 'loginWithEmptyUsername' passed.
14:26:43.543 [INFO ] utils.Log Start testcase: loginWithEmptyUsernameAndPassword
14:26:43.543 [INFO ] utils.Log Login with username: '' and password: ''
14:26:45.546 [INFO ] utils.Log Testcase 'loginWithEmptyUsernameAndPassword' passed.
14:26:54.425 [INFO ] utils.Log Start testcase: filterByPrice
14:26:55.178 [INFO ] utils.Log filterByPrice failed.
14:26:56.542 [INFO ] utils.Log Capture image in 'ExportData\images\filterByPrice_25082022142656.png'
14:27:05.866 [INFO ] utils.Log Start testcase: sortByHighToLow
14:27:06.712 [INFO ] utils.Log sortByHighToLow failed.
14:27:08.157 [INFO ] utils.Log Capture image in 'ExportData\images\sortByHighToLow_25082022142708.png'
14:27:17.953 [INFO ] utils.Log Start testcase: sortByLowToHigh
14:27:18.821 [INFO ] utils.Log sortByLowToHigh failed.
14:27:20.602 [INFO ] utils.Log Capture image in 'ExportData\images\sortByLowToHigh_25082022142720.png'
14:27:29.628 [INFO ] utils.Log Start testcase: testProductCategories
14:27:30.327 [INFO ] utils.Log testProductCategories failed.
14:27:31.582 [INFO ] utils.Log Capture image in 'ExportData\images\testProductCategories_25082022142731.png'
14:27:32.775 [INFO ] utils.Log *************Finish Scenario************
14:28:06.875 [INFO ] utils.Log Start testcase: loginSuccessful
14:28:06.886 [INFO ] utils.Log Login with username: 'nng729' and password: 'Lta@#3499'
14:28:10.360 [INFO ] utils.Log Testcase 'loginSuccessful' passed.
14:28:23.582 [INFO ] utils.Log Start testcase: loginWithPasswordChangeCase
14:28:23.582 [INFO ] utils.Log Login with username: 'nng729' and password: 'LTA@#3499'
14:28:24.804 [INFO ] utils.Log Testcase 'loginWithPasswordChangeCase' passed.
14:28:37.878 [INFO ] utils.Log Start testcase: loginWithPasswordMasked
14:28:37.878 [INFO ] utils.Log Login with username: '' and password: '12345'
14:28:39.204 [INFO ] utils.Log Testcase 'loginWithPasswordMasked' passed.
14:28:52.779 [INFO ] utils.Log Start testcase: loginWithUsernameChangeCase
14:28:52.779 [INFO ] utils.Log Login with username: 'NNG729' and password: 'Lta@#3499'
14:28:54.837 [INFO ] utils.Log Testcase 'loginWithUsernameChangeCase' passed.
14:29:08.332 [INFO ] utils.Log Start testcase: loginWithIncorrectUsernameAndPassword
14:29:08.332 [INFO ] utils.Log Login with username: 'nng729123' and password: '1234'
14:29:10.509 [INFO ] utils.Log Testcase 'loginWithIncorrectUsernameAndPassword' passed.
14:29:23.978 [INFO ] utils.Log Start testcase: loginWithEmptyPassword
14:29:23.978 [INFO ] utils.Log Login with username: 'nng729' and password: ''
14:29:26.463 [INFO ] utils.Log Testcase 'loginWithEmptyPassword' passed.
14:29:40.237 [INFO ] utils.Log Start testcase: loginWithEmptyUsername
14:29:40.237 [INFO ] utils.Log Login with username: '' and password: 'Lta@#3499'
14:29:41.701 [INFO ] utils.Log Testcase 'loginWithEmptyUsername' passed.
14:29:55.894 [INFO ] utils.Log Start testcase: loginWithEmptyUsernameAndPassword
14:29:55.894 [INFO ] utils.Log Login with username: '' and password: ''
14:30:28.931 [INFO ] utils.Log Testcase 'loginWithEmptyUsernameAndPassword' passed.
14:30:37.654 [INFO ] utils.Log Start testcase: filterByPrice
14:30:38.358 [INFO ] utils.Log filterByPrice failed.
14:30:39.513 [INFO ] utils.Log Capture image in 'ExportData\images\filterByPrice_25082022143039.png'
14:30:48.335 [INFO ] utils.Log Start testcase: sortByHighToLow
14:30:49.175 [INFO ] utils.Log sortByHighToLow failed.
14:30:50.608 [INFO ] utils.Log Capture image in 'ExportData\images\sortByHighToLow_25082022143050.png'
14:30:59.641 [INFO ] utils.Log Start testcase: sortByLowToHigh
14:31:00.306 [INFO ] utils.Log sortByLowToHigh failed.
14:31:01.365 [INFO ] utils.Log Capture image in 'ExportData\images\sortByLowToHigh_25082022143101.png'
14:31:10.181 [INFO ] utils.Log Start testcase: testProductCategories
14:31:10.861 [INFO ] utils.Log testProductCategories failed.
14:31:12.293 [INFO ] utils.Log Capture image in 'ExportData\images\testProductCategories_25082022143112.png'
14:31:13.655 [INFO ] utils.Log *************Finish Scenario************
14:33:18.234 [INFO ] utils.Log Start testcase: loginSuccessful
14:33:18.240 [INFO ] utils.Log Login with username: 'nng729' and password: 'Lta@#3499'
14:33:20.967 [INFO ] utils.Log Testcase 'loginSuccessful' passed.
14:33:40.484 [INFO ] utils.Log Start testcase: loginWithPasswordChangeCase
14:33:40.485 [INFO ] utils.Log Login with username: 'nng729' and password: 'LTA@#3499'
14:33:43.393 [INFO ] utils.Log Testcase 'loginWithPasswordChangeCase' passed.
14:33:58.032 [INFO ] utils.Log Start testcase: loginWithPasswordMasked
14:33:58.032 [INFO ] utils.Log Login with username: '' and password: '12345'
14:33:59.674 [INFO ] utils.Log Testcase 'loginWithPasswordMasked' passed.
14:34:12.888 [INFO ] utils.Log Start testcase: loginWithUsernameChangeCase
14:34:12.889 [INFO ] utils.Log Login with username: 'NNG729' and password: 'Lta@#3499'
14:34:15.087 [INFO ] utils.Log Testcase 'loginWithUsernameChangeCase' passed.
14:34:26.996 [INFO ] utils.Log Start testcase: loginWithIncorrectUsernameAndPassword
14:34:26.996 [INFO ] utils.Log loginWithIncorrectUsernameAndPassword skipped.
14:34:27.428 [INFO ] utils.Log Capture image in 'ExportData\images\loginWithIncorrectUsernameAndPassword_25082022143427.png'
14:34:27.429 [INFO ] utils.Log Start testcase: loginWithEmptyPassword
14:34:27.429 [INFO ] utils.Log loginWithEmptyPassword skipped.
14:34:27.704 [INFO ] utils.Log Capture image in 'ExportData\images\loginWithEmptyPassword_25082022143427.png'
14:34:27.706 [INFO ] utils.Log Start testcase: loginWithEmptyUsername
14:34:27.706 [INFO ] utils.Log loginWithEmptyUsername skipped.
14:34:27.957 [INFO ] utils.Log Capture image in 'ExportData\images\loginWithEmptyUsername_25082022143427.png'
14:34:27.959 [INFO ] utils.Log Start testcase: loginWithEmptyUsernameAndPassword
14:34:27.959 [INFO ] utils.Log loginWithEmptyUsernameAndPassword skipped.
14:34:28.226 [INFO ] utils.Log Capture image in 'ExportData\images\loginWithEmptyUsernameAndPassword_25082022143428.png'
14:34:28.228 [INFO ] utils.Log *************Finish Scenario************
14:34:35.811 [INFO ] utils.Log Start testcase: filterByPrice
14:34:36.435 [INFO ] utils.Log filterByPrice failed.
14:34:37.549 [INFO ] utils.Log Capture image in 'ExportData\images\filterByPrice_25082022143437.png'
14:34:46.482 [INFO ] utils.Log Start testcase: sortByHighToLow
14:34:47.149 [INFO ] utils.Log sortByHighToLow failed.
14:34:48.160 [INFO ] utils.Log Capture image in 'ExportData\images\sortByHighToLow_25082022143448.png'
14:34:57.008 [INFO ] utils.Log Start testcase: sortByLowToHigh
14:34:57.607 [INFO ] utils.Log sortByLowToHigh failed.
14:34:59.130 [INFO ] utils.Log Capture image in 'ExportData\images\sortByLowToHigh_25082022143459.png'
14:35:07.835 [INFO ] utils.Log Start testcase: testProductCategories
14:35:08.469 [INFO ] utils.Log testProductCategories failed.
14:35:10.824 [INFO ] utils.Log Capture image in 'ExportData\images\testProductCategories_25082022143510.png'
14:35:12.069 [INFO ] utils.Log *************Finish Scenario************
14:37:54.621 [INFO ] utils.Log Start testcase: loginSuccessful
14:37:54.623 [INFO ] utils.Log Login with username: 'nng729' and password: 'Lta@#3499'
14:37:55.573 [INFO ] utils.Log loginSuccessful failed.
14:37:56.784 [INFO ] utils.Log Capture image in 'ExportData\images\loginSuccessful_25082022143756.png'
14:38:10.643 [INFO ] utils.Log Start testcase: loginWithPasswordChangeCase
14:38:10.643 [INFO ] utils.Log Login with username: 'nng729' and password: 'LTA@#3499'
14:38:12.485 [INFO ] utils.Log Testcase 'loginWithPasswordChangeCase' passed.
14:38:25.555 [INFO ] utils.Log Start testcase: loginWithPasswordMasked
14:38:25.556 [INFO ] utils.Log Login with username: '' and password: '12345'
14:38:27.465 [INFO ] utils.Log Testcase 'loginWithPasswordMasked' passed.
14:38:40.527 [INFO ] utils.Log Start testcase: loginWithUsernameChangeCase
14:38:40.527 [INFO ] utils.Log Login with username: 'NNG729' and password: 'Lta@#3499'
14:38:42.355 [INFO ] utils.Log Testcase 'loginWithUsernameChangeCase' passed.
14:38:55.479 [INFO ] utils.Log Start testcase: loginWithIncorrectUsernameAndPassword
14:38:55.479 [INFO ] utils.Log Login with username: 'nng729123' and password: '1234'
14:38:56.142 [INFO ] utils.Log loginWithIncorrectUsernameAndPassword failed.
14:38:57.325 [INFO ] utils.Log Capture image in 'ExportData\images\loginWithIncorrectUsernameAndPassword_25082022143857.png'
14:39:11.173 [INFO ] utils.Log Start testcase: loginWithEmptyPassword
14:39:11.173 [INFO ] utils.Log Login with username: 'nng729' and password: ''
14:39:11.891 [INFO ] utils.Log loginWithEmptyPassword failed.
14:39:12.983 [INFO ] utils.Log Capture image in 'ExportData\images\loginWithEmptyPassword_25082022143912.png'
14:39:27.112 [INFO ] utils.Log Start testcase: loginWithEmptyUsername
14:39:27.112 [INFO ] utils.Log Login with username: '' and password: 'Lta@#3499'
14:39:27.763 [INFO ] utils.Log loginWithEmptyUsername failed.
14:39:29.073 [INFO ] utils.Log Capture image in 'ExportData\images\loginWithEmptyUsername_25082022143929.png'
14:39:53.021 [INFO ] utils.Log Start testcase: loginWithEmptyUsernameAndPassword
14:39:53.021 [INFO ] utils.Log Login with username: '' and password: ''
14:40:03.957 [INFO ] utils.Log Testcase 'loginWithEmptyUsernameAndPassword' passed.
14:40:05.173 [INFO ] utils.Log *************Finish Scenario************
14:40:12.795 [INFO ] utils.Log Start testcase: filterByPrice
14:40:13.478 [INFO ] utils.Log filterByPrice failed.
14:40:17.060 [INFO ] utils.Log Capture image in 'ExportData\images\filterByPrice_25082022144017.png'
14:40:25.912 [INFO ] utils.Log Start testcase: sortByHighToLow
14:40:26.101 [INFO ] utils.Log sortByHighToLow failed.
14:40:26.632 [INFO ] utils.Log Capture image in 'ExportData\images\sortByHighToLow_25082022144026.png'
14:40:35.497 [INFO ] utils.Log Start testcase: sortByLowToHigh
14:40:36.177 [INFO ] utils.Log sortByLowToHigh failed.
14:40:37.740 [INFO ] utils.Log Capture image in 'ExportData\images\sortByLowToHigh_25082022144037.png'
14:40:46.559 [INFO ] utils.Log Start testcase: testProductCategories
14:40:47.125 [INFO ] utils.Log testProductCategories failed.
14:40:48.290 [INFO ] utils.Log Capture image in 'ExportData\images\testProductCategories_25082022144048.png'
14:40:49.580 [INFO ] utils.Log *************Finish Scenario************
14:44:53.413 [INFO ] utils.Log Start testcase: loginSuccessful
14:44:53.416 [INFO ] utils.Log Login with username: 'nng729' and password: 'Lta@#3499'
14:44:55.899 [INFO ] utils.Log Testcase 'loginSuccessful' passed.
14:45:09.345 [INFO ] utils.Log Start testcase: loginWithPasswordChangeCase
14:45:09.345 [INFO ] utils.Log Login with username: 'nng729' and password: 'LTA@#3499'
14:45:10.961 [INFO ] utils.Log Testcase 'loginWithPasswordChangeCase' passed.
14:45:24.557 [INFO ] utils.Log Start testcase: loginWithPasswordMasked
14:45:24.558 [INFO ] utils.Log Login with username: '' and password: '12345'
14:45:26.659 [INFO ] utils.Log Testcase 'loginWithPasswordMasked' passed.
14:45:40.849 [INFO ] utils.Log Start testcase: loginWithUsernameChangeCase
14:45:40.849 [INFO ] utils.Log Login with username: 'NNG729' and password: 'Lta@#3499'
14:45:43.034 [INFO ] utils.Log Testcase 'loginWithUsernameChangeCase' passed.
14:45:57.208 [INFO ] utils.Log Start testcase: loginWithIncorrectUsernameAndPassword
14:45:57.209 [INFO ] utils.Log Login with username: 'nng729123' and password: '1234'
14:45:57.921 [INFO ] utils.Log loginWithIncorrectUsernameAndPassword failed.
14:45:59.092 [INFO ] utils.Log Capture image in 'ExportData\images\loginWithIncorrectUsernameAndPassword_25082022144559.png'
14:46:12.779 [INFO ] utils.Log Start testcase: loginWithEmptyPassword
14:46:12.780 [INFO ] utils.Log Login with username: 'nng729' and password: ''
14:46:15.114 [INFO ] utils.Log Testcase 'loginWithEmptyPassword' passed.
14:46:33.808 [INFO ] utils.Log Start testcase: loginWithEmptyUsername
14:46:33.808 [INFO ] utils.Log Login with username: '' and password: 'Lta@#3499'
14:46:34.680 [INFO ] utils.Log loginWithEmptyUsername failed.
14:46:35.988 [INFO ] utils.Log Capture image in 'ExportData\images\loginWithEmptyUsername_25082022144635.png'
14:46:52.285 [INFO ] utils.Log Start testcase: loginWithEmptyUsernameAndPassword
14:46:52.285 [INFO ] utils.Log Login with username: '' and password: ''
14:46:55.349 [INFO ] utils.Log Testcase 'loginWithEmptyUsernameAndPassword' passed.
14:46:56.529 [INFO ] utils.Log *************Finish Scenario************
14:47:06.928 [INFO ] utils.Log Start testcase: filterByPrice
14:47:10.880 [INFO ] utils.Log Testcase 'filterByPrice' passed.
14:47:22.261 [INFO ] utils.Log Start testcase: sortByHighToLow
14:47:25.489 [INFO ] utils.Log sortByHighToLow failed.
14:47:26.625 [INFO ] utils.Log Capture image in 'ExportData\images\sortByHighToLow_25082022144726.png'
14:47:38.574 [INFO ] utils.Log Start testcase: sortByLowToHigh
14:47:40.815 [INFO ] utils.Log sortByLowToHigh failed.
14:47:41.909 [INFO ] utils.Log Capture image in 'ExportData\images\sortByLowToHigh_25082022144741.png'
14:47:53.718 [INFO ] utils.Log Start testcase: testProductCategories
14:47:56.422 [INFO ] utils.Log testProductCategories failed.
14:47:58.423 [INFO ] utils.Log Capture image in 'ExportData\images\testProductCategories_25082022144758.png'
14:47:59.650 [INFO ] utils.Log *************Finish Scenario************
14:48:59.428 [INFO ] utils.Log Start testcase: loginSuccessful
14:48:59.430 [INFO ] utils.Log Login with username: 'nng729' and password: 'Lta@#3499'
14:49:01.973 [INFO ] utils.Log Testcase 'loginSuccessful' passed.
14:49:15.306 [INFO ] utils.Log Start testcase: loginWithPasswordChangeCase
14:49:15.306 [INFO ] utils.Log Login with username: 'nng729' and password: 'LTA@#3499'
14:49:18.213 [INFO ] utils.Log Testcase 'loginWithPasswordChangeCase' passed.
14:49:31.797 [INFO ] utils.Log Start testcase: loginWithPasswordMasked
14:49:31.797 [INFO ] utils.Log Login with username: '' and password: '12345'
14:49:32.517 [INFO ] utils.Log loginWithPasswordMasked failed.
14:49:34.871 [INFO ] utils.Log Capture image in 'ExportData\images\loginWithPasswordMasked_25082022144934.png'
14:49:48.165 [INFO ] utils.Log Start testcase: loginWithUsernameChangeCase
14:49:48.165 [INFO ] utils.Log Login with username: 'NNG729' and password: 'Lta@#3499'
14:49:49.343 [INFO ] utils.Log loginWithUsernameChangeCase failed.
14:49:51.051 [INFO ] utils.Log Capture image in 'ExportData\images\loginWithUsernameChangeCase_25082022144951.png'
14:50:04.923 [INFO ] utils.Log Start testcase: loginWithIncorrectUsernameAndPassword
14:50:04.923 [INFO ] utils.Log Login with username: 'nng729123' and password: '1234'
14:50:06.984 [INFO ] utils.Log Testcase 'loginWithIncorrectUsernameAndPassword' passed.
14:50:20.361 [INFO ] utils.Log Start testcase: loginWithEmptyPassword
14:50:20.361 [INFO ] utils.Log Login with username: 'nng729' and password: ''
14:50:21.661 [INFO ] utils.Log Testcase 'loginWithEmptyPassword' passed.
14:50:34.812 [INFO ] utils.Log Start testcase: loginWithEmptyUsername
14:50:34.813 [INFO ] utils.Log Login with username: '' and password: 'Lta@#3499'
14:50:36.264 [INFO ] utils.Log Testcase 'loginWithEmptyUsername' passed.
14:50:49.699 [INFO ] utils.Log Start testcase: loginWithEmptyUsernameAndPassword
14:50:49.700 [INFO ] utils.Log Login with username: '' and password: ''
14:50:51.292 [INFO ] utils.Log Testcase 'loginWithEmptyUsernameAndPassword' passed.
14:50:52.626 [INFO ] utils.Log *************Finish Scenario************
14:51:03.243 [INFO ] utils.Log Start testcase: filterByPrice
14:51:07.487 [INFO ] utils.Log Testcase 'filterByPrice' passed.
14:51:18.934 [INFO ] utils.Log Start testcase: sortByHighToLow
14:51:22.588 [INFO ] utils.Log Testcase 'sortByHighToLow' passed.
14:51:34.539 [INFO ] utils.Log Start testcase: sortByLowToHigh
14:51:38.289 [INFO ] utils.Log Testcase 'sortByLowToHigh' passed.
14:51:50.891 [INFO ] utils.Log Start testcase: testProductCategories
14:51:53.986 [INFO ] utils.Log Testcase 'testProductCategories' passed.
14:51:55.392 [INFO ] utils.Log *************Finish Scenario************
14:59:01.198 [INFO ] utils.Log Start testcase: loginSuccessful
14:59:01.203 [INFO ] utils.Log Login with username: 'nng729' and password: 'Lta@#3499'
14:59:07.969 [INFO ] utils.Log Testcase 'loginSuccessful' passed.
14:59:21.393 [INFO ] utils.Log Start testcase: loginWithPasswordChangeCase
14:59:21.393 [INFO ] utils.Log Login with username: 'nng729' and password: 'LTA@#3499'
14:59:22.013 [INFO ] utils.Log loginWithPasswordChangeCase failed.
14:59:54.172 [INFO ] utils.Log Capture image in 'ExportData\images\loginWithPasswordChangeCase_25082022145954.png'
15:00:07.618 [INFO ] utils.Log Start testcase: loginWithPasswordMasked
15:00:07.618 [INFO ] utils.Log Login with username: '' and password: '12345'
15:00:10.228 [INFO ] utils.Log Testcase 'loginWithPasswordMasked' passed.
15:00:23.911 [INFO ] utils.Log Start testcase: loginWithUsernameChangeCase
15:00:23.912 [INFO ] utils.Log Login with username: 'NNG729' and password: 'Lta@#3499'
15:00:26.296 [INFO ] utils.Log Testcase 'loginWithUsernameChangeCase' passed.
15:00:39.335 [INFO ] utils.Log Start testcase: loginWithIncorrectUsernameAndPassword
15:00:39.335 [INFO ] utils.Log Login with username: 'nng729123' and password: '1234'
15:00:40.426 [INFO ] utils.Log Testcase 'loginWithIncorrectUsernameAndPassword' passed.
15:00:54.277 [INFO ] utils.Log Start testcase: loginWithEmptyPassword
15:00:54.277 [INFO ] utils.Log Login with username: 'nng729' and password: ''
15:00:55.896 [INFO ] utils.Log Testcase 'loginWithEmptyPassword' passed.
15:01:09.731 [INFO ] utils.Log Start testcase: loginWithEmptyUsername
15:01:09.732 [INFO ] utils.Log Login with username: '' and password: 'Lta@#3499'
15:01:10.315 [INFO ] utils.Log loginWithEmptyUsername failed.
15:01:11.395 [INFO ] utils.Log Capture image in 'ExportData\images\loginWithEmptyUsername_25082022150111.png'
15:01:26.558 [INFO ] utils.Log Start testcase: loginWithEmptyUsernameAndPassword
15:01:26.558 [INFO ] utils.Log Login with username: '' and password: ''
15:01:28.538 [INFO ] utils.Log Testcase 'loginWithEmptyUsernameAndPassword' passed.
15:01:29.842 [INFO ] utils.Log *************Finish Scenario************
15:01:41.152 [INFO ] utils.Log Start testcase: filterByPrice
15:01:46.384 [INFO ] utils.Log Testcase 'filterByPrice' passed.
15:01:58.377 [INFO ] utils.Log Start testcase: sortByHighToLow
15:02:02.473 [INFO ] utils.Log Testcase 'sortByHighToLow' passed.
15:02:14.324 [INFO ] utils.Log Start testcase: sortByLowToHigh
15:02:16.375 [INFO ] utils.Log sortByLowToHigh failed.
15:02:17.656 [INFO ] utils.Log Capture image in 'ExportData\images\sortByLowToHigh_25082022150217.png'
15:02:29.353 [INFO ] utils.Log Start testcase: testProductCategories
15:02:32.359 [INFO ] utils.Log Testcase 'testProductCategories' passed.
15:02:33.591 [INFO ] utils.Log *************Finish Scenario************
15:18:09.370 [INFO ] utils.Log Start testcase: loginSuccessful
15:18:09.373 [INFO ] utils.Log Login with username: 'nng729' and password: 'Lta@#3499'
15:18:11.475 [INFO ] utils.Log Testcase 'loginSuccessful' passed.
15:18:26.025 [INFO ] utils.Log Start testcase: loginWithPasswordChangeCase
15:18:26.025 [INFO ] utils.Log Login with username: 'nng729' and password: 'LTA@#3499'
15:18:27.685 [INFO ] utils.Log Testcase 'loginWithPasswordChangeCase' passed.
15:18:40.389 [INFO ] utils.Log Start testcase: loginWithPasswordMasked
15:18:40.389 [INFO ] utils.Log Login with username: '' and password: '12345'
15:18:41.930 [INFO ] utils.Log Testcase 'loginWithPasswordMasked' passed.
15:18:55.536 [INFO ] utils.Log Start testcase: loginWithUsernameChangeCase
15:18:55.536 [INFO ] utils.Log Login with username: 'NNG729' and password: 'Lta@#3499'
15:18:57.634 [INFO ] utils.Log Testcase 'loginWithUsernameChangeCase' passed.
15:19:10.921 [INFO ] utils.Log Start testcase: loginWithIncorrectUsernameAndPassword
15:19:10.922 [INFO ] utils.Log Login with username: 'nng729123' and password: '1234'
15:19:12.606 [INFO ] utils.Log Testcase 'loginWithIncorrectUsernameAndPassword' passed.
15:19:27.086 [INFO ] utils.Log Start testcase: loginWithEmptyPassword
15:19:27.086 [INFO ] utils.Log Login with username: 'nng729' and password: ''
15:19:29.441 [INFO ] utils.Log Testcase 'loginWithEmptyPassword' passed.
15:19:42.899 [INFO ] utils.Log Start testcase: loginWithEmptyUsername
15:19:42.899 [INFO ] utils.Log Login with username: '' and password: 'Lta@#3499'
15:19:45.044 [INFO ] utils.Log Testcase 'loginWithEmptyUsername' passed.
15:19:58.394 [INFO ] utils.Log Start testcase: loginWithEmptyUsernameAndPassword
15:19:58.394 [INFO ] utils.Log Login with username: '' and password: ''
15:20:00.281 [INFO ] utils.Log Testcase 'loginWithEmptyUsernameAndPassword' passed.
15:20:01.535 [INFO ] utils.Log *************Finish Scenario************
15:20:11.977 [INFO ] utils.Log Start testcase: filterByPrice
15:20:16.315 [INFO ] utils.Log Testcase 'filterByPrice' passed.
15:20:27.691 [INFO ] utils.Log Start testcase: sortByHighToLow
15:20:30.962 [INFO ] utils.Log Testcase 'sortByHighToLow' passed.
15:20:42.660 [INFO ] utils.Log Start testcase: sortByLowToHigh
15:20:47.170 [INFO ] utils.Log Testcase 'sortByLowToHigh' passed.
15:20:58.644 [INFO ] utils.Log Start testcase: testProductCategories
15:21:02.776 [INFO ] utils.Log Testcase 'testProductCategories' passed.
15:21:04.043 [INFO ] utils.Log *************Finish Scenario************
