21:20:10.669 INFO  myaccount.LoginTest ***Test login successful***
21:20:10.708 INFO  myaccount.LoginPage Login with username: nng729 and password: Lta@#3499
21:20:14.353 INFO  myaccount.LoginTest test pass
21:20:30.320 INFO  myaccount.LoginPage Login with username: nng729123 and password: 1234
21:20:56.614 INFO  myaccount.LoginPage Login with username: nng729 and password: 
21:21:14.498 INFO  myaccount.LoginPage Login with username:  and password: Lta@#3499
21:21:33.773 INFO  myaccount.LoginPage Login with username:  and password: 
21:21:47.034 INFO  shop.ShopTest ***Filter by Price Test***
21:46:08.849 INFO  myaccount.LoginPage Login with username: nng729123 and password: 1234
21:49:05.932 INFO  myaccount.LoginPage Login with username: nng729123 and password: 1234
22:44:53.228 INFO  myaccount.LoginTest ***Test login successful***
22:44:53.235 INFO  myaccount.LoginPage Login with username: nng729 and password: Lta@#3499
22:45:01.360 INFO  myaccount.LoginTest test pass
22:45:13.665 INFO  myaccount.LoginPage Login with username: nng729123 and password: 1234
22:45:31.315 INFO  myaccount.LoginPage Login with username: nng729 and password: 
22:46:36.819 INFO  myaccount.LoginPage Login with username:  and password: Lta@#3499
22:47:00.131 INFO  myaccount.LoginPage Login with username:  and password: 
22:52:59.289 INFO  myaccount.LoginTest ***Test login successful***
22:52:59.308 INFO  myaccount.LoginPage Login with username: nng729 and password: Lta@#3499
22:53:03.623 INFO  myaccount.LoginTest test pass
22:53:15.723 INFO  myaccount.LoginPage Login with username: nng729123 and password: 1234
22:53:28.517 INFO  myaccount.LoginPage Login with username: nng729 and password: 
22:53:44.629 INFO  myaccount.LoginPage Login with username:  and password: Lta@#3499
22:54:31.715 INFO  myaccount.LoginPage Login with username:  and password: 
