15:20:20.143 INFO  myaccount.LoginTest ***Test login successful***
15:20:20.169 INFO  myaccount.LoginPage Login with username: nng729 and password: Lta@#3499
15:20:23.331 INFO  myaccount.LoginTest test pass
15:20:33.404 INFO  myaccount.LoginPage Login with username: nng729123 and password: 1234
15:20:46.016 INFO  myaccount.LoginPage Login with username: nng729 and password: 
15:21:02.166 INFO  myaccount.LoginPage Login with username:  and password: Lta@#3499
15:21:14.905 INFO  myaccount.LoginPage Login with username:  and password: 
15:21:24.283 INFO  shop.ShopTest ***Filter by Price Test***
15:46:34.971 INFO  myaccount.LoginPage Login with username:  and password: 12345
15:47:24.579 INFO  myaccount.LoginPage Login with username:  and password: 12345
15:56:48.881 INFO  myaccount.LoginPage Login with username: NNG729 and password: Lta@#3499
15:56:52.373 INFO  myaccount.LoginTest test fail
15:59:43.742 INFO  myaccount.LoginPage Login with username: nng729 and password: lTA@#3499
21:51:47.915 INFO  shop.ShopTest ***Filter by Price Test***
21:58:07.888 INFO  myaccount.LoginTest ***Test login successful***
21:58:07.896 INFO  myaccount.LoginPage Login with username: nng729 and password: Lta@#3499
21:58:11.471 INFO  myaccount.LoginTest test pass
21:58:27.460 INFO  myaccount.LoginPage Login with username: nng729123 and password: 1234
21:58:41.786 INFO  myaccount.LoginPage Login with username: nng729 and password: 
21:58:56.982 INFO  myaccount.LoginPage Login with username:  and password: Lta@#3499
21:59:18.929 INFO  myaccount.LoginPage Login with username:  and password: 
21:59:32.518 INFO  shop.ShopTest ***Filter by Price Test***
